c:\users\79104\onedrive\рабочий стол\институт\2 курс\2 семестр\прога\л.к.р\2)арканоид\arkanoid\arkanoid\x64\debug\vc142.pdb
c:\users\79104\onedrive\рабочий стол\институт\2 курс\2 семестр\прога\л.к.р\2)арканоид\arkanoid\arkanoid\x64\debug\vc142.idb
c:\users\79104\onedrive\рабочий стол\институт\2 курс\2 семестр\прога\л.к.р\2)арканоид\arkanoid\arkanoid\x64\debug\playingfield.obj
c:\users\79104\onedrive\рабочий стол\институт\2 курс\2 семестр\прога\л.к.р\2)арканоид\arkanoid\arkanoid\x64\debug\platform.obj
c:\users\79104\onedrive\рабочий стол\институт\2 курс\2 семестр\прога\л.к.р\2)арканоид\arkanoid\arkanoid\x64\debug\onemanager.obj
c:\users\79104\onedrive\рабочий стол\институт\2 курс\2 семестр\прога\л.к.р\2)арканоид\arkanoid\arkanoid\x64\debug\obstaclesarray.obj
c:\users\79104\onedrive\рабочий стол\институт\2 курс\2 семестр\прога\л.к.р\2)арканоид\arkanoid\arkanoid\x64\debug\obstacle.obj
c:\users\79104\onedrive\рабочий стол\институт\2 курс\2 семестр\прога\л.к.р\2)арканоид\arkanoid\arkanoid\x64\debug\lvl.obj
c:\users\79104\onedrive\рабочий стол\институт\2 курс\2 семестр\прога\л.к.р\2)арканоид\arkanoid\arkanoid\x64\debug\gamestatus.obj
c:\users\79104\onedrive\рабочий стол\институт\2 курс\2 семестр\прога\л.к.р\2)арканоид\arkanoid\arkanoid\x64\debug\doublemanager.obj
c:\users\79104\onedrive\рабочий стол\институт\2 курс\2 семестр\прога\л.к.р\2)арканоид\arkanoid\arkanoid\x64\debug\ball.obj
c:\users\79104\onedrive\рабочий стол\институт\2 курс\2 семестр\прога\л.к.р\2)арканоид\arkanoid\arkanoid\x64\debug\arkanoid.obj
c:\users\79104\onedrive\рабочий стол\институт\2 курс\2 семестр\прога\л.к.р\2)арканоид\arkanoid\x64\debug\arkanoid.ilk
c:\users\79104\onedrive\рабочий стол\институт\2 курс\2 семестр\прога\л.к.р\2)арканоид\arkanoid\x64\debug\arkanoid.exe
c:\users\79104\onedrive\рабочий стол\институт\2 курс\2 семестр\прога\л.к.р\2)арканоид\arkanoid\x64\debug\arkanoid.pdb
c:\users\79104\onedrive\рабочий стол\институт\2 курс\2 семестр\прога\л.к.р\2)арканоид\arkanoid\arkanoid\x64\debug\arkanoid.tlog\cl.command.1.tlog
c:\users\79104\onedrive\рабочий стол\институт\2 курс\2 семестр\прога\л.к.р\2)арканоид\arkanoid\arkanoid\x64\debug\arkanoid.tlog\cl.read.1.tlog
c:\users\79104\onedrive\рабочий стол\институт\2 курс\2 семестр\прога\л.к.р\2)арканоид\arkanoid\arkanoid\x64\debug\arkanoid.tlog\cl.write.1.tlog
c:\users\79104\onedrive\рабочий стол\институт\2 курс\2 семестр\прога\л.к.р\2)арканоид\arkanoid\arkanoid\x64\debug\arkanoid.tlog\link.command.1.tlog
c:\users\79104\onedrive\рабочий стол\институт\2 курс\2 семестр\прога\л.к.р\2)арканоид\arkanoid\arkanoid\x64\debug\arkanoid.tlog\link.read.1.tlog
c:\users\79104\onedrive\рабочий стол\институт\2 курс\2 семестр\прога\л.к.р\2)арканоид\arkanoid\arkanoid\x64\debug\arkanoid.tlog\link.write.1.tlog
